2020-06-22 10:13:06,053 INFO v.Main [main] Log4j2ExampleApp started.
2020-06-22 10:13:42,207 INFO m.Parser [JavaFX Application Thread] jsoup connect - success
2020-06-22 10:13:42,748 INFO c.Controller [JavaFX Application Thread] crawler - success
2020-06-22 10:13:44,586 INFO m.H2DB [JavaFX Application Thread] Creating table in given database...
2020-06-22 10:13:44,611 INFO m.H2DB [JavaFX Application Thread] Connecting to database...
2020-06-22 10:13:45,154 INFO m.H2DB [JavaFX Application Thread] Created table in given database...
2020-06-22 10:13:45,154 INFO m.H2DB [JavaFX Application Thread] Connecting to database...
2020-06-22 10:13:45,155 INFO m.H2DB [JavaFX Application Thread] Connecting to database...
2020-06-22 10:13:45,156 INFO m.H2DB [JavaFX Application Thread] Connecting to database...
2020-06-22 10:13:45,157 INFO m.H2DB [JavaFX Application Thread] Goodbye connection!
2020-06-22 10:13:45,157 INFO m.H2DB [JavaFX Application Thread] Connecting to database...
2020-06-22 10:13:45,162 INFO m.H2DB [JavaFX Application Thread] PS was created..
2020-06-22 10:13:45,163 INFO m.H2DB [JavaFX Application Thread] PS was update..
2020-06-22 10:13:45,166 INFO m.H2DB [JavaFX Application Thread] Connecting to database...
2020-06-22 10:13:45,166 INFO m.H2DB [JavaFX Application Thread] query correctly add
2020-06-22 10:13:45,167 INFO m.H2DB [JavaFX Application Thread] Connecting to database...
2020-06-22 10:13:45,167 INFO m.H2DB [JavaFX Application Thread] Connecting to database...
2020-06-22 10:13:45,169 INFO m.H2DB [JavaFX Application Thread] Goodbye connection!
2020-06-22 10:17:45,146 INFO v.Main [main] Log4j2ExampleApp started.
2020-06-22 10:17:54,449 INFO m.Parser [JavaFX Application Thread] jsoup connect - success
2020-06-22 10:17:54,457 INFO c.Controller [JavaFX Application Thread] crawler - success
2020-06-22 10:17:56,092 INFO m.H2DB [JavaFX Application Thread] Creating table in given database...
2020-06-22 10:17:56,102 INFO m.H2DB [JavaFX Application Thread] Connecting to database...
2020-06-22 10:17:56,509 INFO m.H2DB [JavaFX Application Thread] Created table in given database...
2020-06-22 10:17:56,509 INFO m.H2DB [JavaFX Application Thread] Connecting to database...
2020-06-22 10:17:56,510 INFO m.H2DB [JavaFX Application Thread] Connecting to database...
2020-06-22 10:17:56,511 INFO m.H2DB [JavaFX Application Thread] Connecting to database...
2020-06-22 10:17:56,511 INFO m.H2DB [JavaFX Application Thread] Goodbye connection!
2020-06-22 10:17:56,511 INFO m.H2DB [JavaFX Application Thread] Connecting to database...
2020-06-22 10:17:56,516 INFO m.H2DB [JavaFX Application Thread] PS was created..
2020-06-22 10:17:56,517 INFO m.H2DB [JavaFX Application Thread] PS was update..
2020-06-22 10:17:56,518 INFO m.H2DB [JavaFX Application Thread] Connecting to database...
2020-06-22 10:17:56,519 INFO m.H2DB [JavaFX Application Thread] query correctly add
2020-06-22 10:17:56,519 INFO m.H2DB [JavaFX Application Thread] Connecting to database...
2020-06-22 10:17:56,520 INFO m.H2DB [JavaFX Application Thread] Connecting to database...
2020-06-22 10:17:56,521 INFO m.H2DB [JavaFX Application Thread] Goodbye connection!
2020-06-22 10:44:08,557 INFO v.Main [main] Log4j2ExampleApp started.
2020-06-22 10:44:27,539 INFO m.Parser [JavaFX Application Thread] jsoup connect - success
2020-06-22 10:44:27,933 INFO c.Controller [JavaFX Application Thread] crawler - success
2020-06-22 10:44:29,626 INFO m.H2DB [JavaFX Application Thread] Creating table in given database...
2020-06-22 10:44:29,632 INFO m.H2DB [JavaFX Application Thread] Connecting to database...
2020-06-22 10:44:30,053 INFO m.H2DB [JavaFX Application Thread] Created table in given database...
2020-06-22 10:44:30,054 INFO m.H2DB [JavaFX Application Thread] Connecting to database...
2020-06-22 10:44:30,056 INFO m.H2DB [JavaFX Application Thread] Connecting to database...
2020-06-22 10:44:30,057 INFO m.H2DB [JavaFX Application Thread] Connecting to database...
2020-06-22 10:44:30,059 INFO m.H2DB [JavaFX Application Thread] Goodbye connection!
2020-06-22 10:44:30,059 INFO m.H2DB [JavaFX Application Thread] Connecting to database...
2020-06-22 10:44:30,082 INFO m.H2DB [JavaFX Application Thread] Connecting to database...
2020-06-22 10:44:30,083 INFO m.H2DB [JavaFX Application Thread] Connecting to database...
2020-06-22 10:44:30,084 INFO m.H2DB [JavaFX Application Thread] Goodbye connection!
2020-06-22 10:45:37,454 INFO v.Main [main] Log4j2ExampleApp started.
2020-06-22 10:45:43,015 INFO m.Parser [JavaFX Application Thread] jsoup connect - success
2020-06-22 10:45:43,024 INFO c.Controller [JavaFX Application Thread] crawler - success
2020-06-22 10:45:44,575 INFO m.H2DB [JavaFX Application Thread] Creating table in given database...
2020-06-22 10:45:44,580 INFO m.H2DB [JavaFX Application Thread] Connecting to database...
2020-06-22 10:45:44,927 INFO m.H2DB [JavaFX Application Thread] Created table in given database...
2020-06-22 10:45:44,928 INFO m.H2DB [JavaFX Application Thread] Connecting to database...
2020-06-22 10:45:44,929 INFO m.H2DB [JavaFX Application Thread] Connecting to database...
2020-06-22 10:45:44,929 INFO m.H2DB [JavaFX Application Thread] Connecting to database...
2020-06-22 10:45:44,930 INFO m.H2DB [JavaFX Application Thread] Goodbye connection!
2020-06-22 10:45:44,930 INFO m.H2DB [JavaFX Application Thread] Connecting to database...
2020-06-22 10:45:44,934 INFO m.H2DB [JavaFX Application Thread] PS was created..
2020-06-22 10:45:44,934 INFO m.H2DB [JavaFX Application Thread] PS was update..
2020-06-22 10:45:44,938 INFO m.H2DB [JavaFX Application Thread] Connecting to database...
2020-06-22 10:45:44,938 INFO m.H2DB [JavaFX Application Thread] query correctly add
2020-06-22 10:45:44,939 INFO m.H2DB [JavaFX Application Thread] Connecting to database...
2020-06-22 10:45:44,940 INFO m.H2DB [JavaFX Application Thread] Connecting to database...
2020-06-22 10:45:44,941 INFO m.H2DB [JavaFX Application Thread] Goodbye connection!
2020-06-22 10:47:13,248 INFO v.Main [main] Log4j2ExampleApp started.
2020-06-22 10:47:23,679 INFO m.Parser [JavaFX Application Thread] jsoup connect - success
2020-06-22 10:47:23,687 INFO c.Controller [JavaFX Application Thread] crawler - success
2020-06-22 10:47:26,532 INFO m.H2DB [JavaFX Application Thread] Creating table in given database...
2020-06-22 10:47:26,542 INFO m.H2DB [JavaFX Application Thread] Connecting to database...
2020-06-22 10:47:26,840 INFO m.H2DB [JavaFX Application Thread] Connecting to database...
2020-06-22 10:47:26,867 INFO m.H2DB [JavaFX Application Thread] Goodbye connection!
2020-06-22 10:47:26,867 INFO m.H2DB [JavaFX Application Thread] Connecting to database...
2020-06-22 10:47:26,894 INFO m.H2DB [JavaFX Application Thread] Connecting to database...
2020-06-22 10:47:26,913 INFO m.H2DB [JavaFX Application Thread] Goodbye connection!
2020-06-22 10:47:26,913 INFO m.H2DB [JavaFX Application Thread] Connecting to database...
2020-06-22 10:47:26,949 INFO m.H2DB [JavaFX Application Thread] Connecting to database...
2020-06-22 10:47:26,974 INFO m.H2DB [JavaFX Application Thread] Goodbye connection!
2020-06-22 10:47:47,783 INFO v.Main [main] Log4j2ExampleApp started.
2020-06-22 10:47:55,208 INFO m.Parser [JavaFX Application Thread] jsoup connect - success
2020-06-22 10:47:55,228 INFO c.Controller [JavaFX Application Thread] crawler - success
2020-06-22 10:47:56,924 INFO m.H2DB [JavaFX Application Thread] Creating table in given database...
2020-06-22 10:47:56,935 INFO m.H2DB [JavaFX Application Thread] Connecting to database...
2020-06-22 10:47:57,253 INFO m.H2DB [JavaFX Application Thread] Created table in given database...
2020-06-22 10:47:57,253 INFO m.H2DB [JavaFX Application Thread] Connecting to database...
2020-06-22 10:47:57,254 INFO m.H2DB [JavaFX Application Thread] Connecting to database...
2020-06-22 10:47:57,254 INFO m.H2DB [JavaFX Application Thread] Connecting to database...
2020-06-22 10:47:57,255 INFO m.H2DB [JavaFX Application Thread] Goodbye connection!
2020-06-22 10:47:57,255 INFO m.H2DB [JavaFX Application Thread] Connecting to database...
2020-06-22 10:47:57,259 INFO m.H2DB [JavaFX Application Thread] PS was created..
2020-06-22 10:47:57,260 INFO m.H2DB [JavaFX Application Thread] PS was update..
2020-06-22 10:47:57,262 INFO m.H2DB [JavaFX Application Thread] Connecting to database...
2020-06-22 10:47:57,263 INFO m.H2DB [JavaFX Application Thread] query correctly add
2020-06-22 10:47:57,264 INFO m.H2DB [JavaFX Application Thread] Connecting to database...
2020-06-22 10:47:57,264 INFO m.H2DB [JavaFX Application Thread] Connecting to database...
2020-06-22 10:47:57,265 INFO m.H2DB [JavaFX Application Thread] Goodbye connection!
2020-06-22 10:47:57,266 INFO m.H2DB [JavaFX Application Thread] Connecting to database...
2020-06-22 10:47:57,266 INFO m.H2DB [JavaFX Application Thread] PS was created..
2020-06-22 10:47:57,267 INFO m.H2DB [JavaFX Application Thread] PS was update..
2020-06-22 10:47:57,267 INFO m.H2DB [JavaFX Application Thread] Connecting to database...
2020-06-22 10:47:57,268 INFO m.H2DB [JavaFX Application Thread] query correctly add
2020-06-22 10:47:57,269 INFO m.H2DB [JavaFX Application Thread] Connecting to database...
2020-06-22 10:47:57,269 INFO m.H2DB [JavaFX Application Thread] Connecting to database...
2020-06-22 10:47:57,270 INFO m.H2DB [JavaFX Application Thread] Goodbye connection!
2020-06-22 10:47:57,270 INFO m.H2DB [JavaFX Application Thread] Connecting to database...
2020-06-22 10:47:57,272 INFO m.H2DB [JavaFX Application Thread] PS was created..
2020-06-22 10:47:57,272 INFO m.H2DB [JavaFX Application Thread] PS was update..
2020-06-22 10:47:57,272 INFO m.H2DB [JavaFX Application Thread] Connecting to database...
2020-06-22 10:47:57,273 INFO m.H2DB [JavaFX Application Thread] query correctly add
2020-06-22 10:47:57,273 INFO m.H2DB [JavaFX Application Thread] Connecting to database...
2020-06-22 10:47:57,274 INFO m.H2DB [JavaFX Application Thread] Connecting to database...
2020-06-22 10:47:57,275 INFO m.H2DB [JavaFX Application Thread] Goodbye connection!
2020-06-22 10:56:28,195 INFO v.Main [main] Log4j2ExampleApp started.
2020-06-22 10:56:38,076 INFO m.Parser [JavaFX Application Thread] jsoup connect - success
2020-06-22 10:56:38,086 INFO c.Controller [JavaFX Application Thread] crawler - success
2020-06-22 10:56:40,180 INFO m.H2DB [JavaFX Application Thread] Creating table in given database...
2020-06-22 10:56:40,184 INFO m.H2DB [JavaFX Application Thread] Connecting to database...
2020-06-22 10:56:40,337 INFO m.H2DB [JavaFX Application Thread] Connecting to database...
2020-06-22 10:56:40,353 INFO m.H2DB [JavaFX Application Thread] Goodbye connection!
2020-06-22 10:56:40,353 INFO m.H2DB [JavaFX Application Thread] Connecting to database...
2020-06-22 10:56:40,369 INFO m.H2DB [JavaFX Application Thread] Connecting to database...
2020-06-22 10:56:40,384 INFO m.H2DB [JavaFX Application Thread] Goodbye connection!
2020-06-22 10:56:40,384 INFO m.H2DB [JavaFX Application Thread] Connecting to database...
2020-06-22 10:56:40,401 INFO m.H2DB [JavaFX Application Thread] Connecting to database...
2020-06-22 10:56:40,415 INFO m.H2DB [JavaFX Application Thread] Goodbye connection!
2020-06-22 10:56:40,416 INFO m.H2DB [JavaFX Application Thread] Connecting to database...
2020-06-22 10:56:40,441 INFO m.H2DB [JavaFX Application Thread] Connecting to database...
2020-06-22 10:56:40,458 INFO m.H2DB [JavaFX Application Thread] Goodbye connection!
2020-06-22 10:56:44,014 INFO m.H2DB [JavaFX Application Thread] Creating table in given database...
2020-06-22 10:56:44,015 INFO m.H2DB [JavaFX Application Thread] Connecting to database...
2020-06-22 10:56:44,059 INFO m.H2DB [JavaFX Application Thread] Connecting to database...
2020-06-22 10:56:44,091 INFO m.H2DB [JavaFX Application Thread] Goodbye connection!
2020-06-22 10:56:44,092 INFO m.H2DB [JavaFX Application Thread] Connecting to database...
2020-06-22 10:56:44,142 INFO m.H2DB [JavaFX Application Thread] Connecting to database...
2020-06-22 10:56:44,187 INFO m.H2DB [JavaFX Application Thread] Goodbye connection!
2020-06-22 10:56:44,187 INFO m.H2DB [JavaFX Application Thread] Connecting to database...
2020-06-22 10:56:44,234 INFO m.H2DB [JavaFX Application Thread] Connecting to database...
2020-06-22 10:56:44,255 INFO m.H2DB [JavaFX Application Thread] Goodbye connection!
2020-06-22 10:56:44,255 INFO m.H2DB [JavaFX Application Thread] Connecting to database...
2020-06-22 10:56:44,270 INFO m.H2DB [JavaFX Application Thread] Connecting to database...
2020-06-22 10:56:44,284 INFO m.H2DB [JavaFX Application Thread] Goodbye connection!
2020-06-22 10:57:01,683 INFO v.Main [main] Log4j2ExampleApp started.
2020-06-22 10:57:14,134 INFO m.Parser [JavaFX Application Thread] jsoup connect - success
2020-06-22 10:57:14,146 INFO c.Controller [JavaFX Application Thread] crawler - success
2020-06-22 10:57:15,855 INFO m.H2DB [JavaFX Application Thread] Creating table in given database...
2020-06-22 10:57:15,865 INFO m.H2DB [JavaFX Application Thread] Connecting to database...
2020-06-22 10:57:16,188 INFO m.H2DB [JavaFX Application Thread] Created table in given database...
2020-06-22 10:57:16,188 INFO m.H2DB [JavaFX Application Thread] Connecting to database...
2020-06-22 10:57:16,189 INFO m.H2DB [JavaFX Application Thread] Connecting to database...
2020-06-22 10:57:16,189 INFO m.H2DB [JavaFX Application Thread] Connecting to database...
2020-06-22 10:57:16,190 INFO m.H2DB [JavaFX Application Thread] Goodbye connection!
2020-06-22 10:57:16,190 INFO m.H2DB [JavaFX Application Thread] Connecting to database...
2020-06-22 10:57:16,195 INFO m.H2DB [JavaFX Application Thread] PS was created..
2020-06-22 10:57:16,195 INFO m.H2DB [JavaFX Application Thread] PS was update..
2020-06-22 10:57:16,198 INFO m.H2DB [JavaFX Application Thread] Connecting to database...
2020-06-22 10:57:16,199 INFO m.H2DB [JavaFX Application Thread] query correctly add
2020-06-22 10:57:16,199 INFO m.H2DB [JavaFX Application Thread] Connecting to database...
2020-06-22 10:57:16,199 INFO m.H2DB [JavaFX Application Thread] Connecting to database...
2020-06-22 10:57:16,200 INFO m.H2DB [JavaFX Application Thread] Goodbye connection!
2020-06-22 10:57:16,200 INFO m.H2DB [JavaFX Application Thread] Connecting to database...
2020-06-22 10:57:16,201 INFO m.H2DB [JavaFX Application Thread] PS was created..
2020-06-22 10:57:16,201 INFO m.H2DB [JavaFX Application Thread] PS was update..
2020-06-22 10:57:16,201 INFO m.H2DB [JavaFX Application Thread] Connecting to database...
2020-06-22 10:57:16,202 INFO m.H2DB [JavaFX Application Thread] query correctly add
2020-06-22 10:57:16,202 INFO m.H2DB [JavaFX Application Thread] Connecting to database...
2020-06-22 10:57:16,203 INFO m.H2DB [JavaFX Application Thread] Connecting to database...
2020-06-22 10:57:16,204 INFO m.H2DB [JavaFX Application Thread] Goodbye connection!
2020-06-22 10:57:16,204 INFO m.H2DB [JavaFX Application Thread] Connecting to database...
2020-06-22 10:57:16,204 INFO m.H2DB [JavaFX Application Thread] PS was created..
2020-06-22 10:57:16,204 INFO m.H2DB [JavaFX Application Thread] PS was update..
2020-06-22 10:57:16,205 INFO m.H2DB [JavaFX Application Thread] Connecting to database...
2020-06-22 10:57:16,206 INFO m.H2DB [JavaFX Application Thread] query correctly add
2020-06-22 10:57:16,206 INFO m.H2DB [JavaFX Application Thread] Connecting to database...
2020-06-22 10:57:16,208 INFO m.H2DB [JavaFX Application Thread] Connecting to database...
2020-06-22 10:57:16,208 INFO m.H2DB [JavaFX Application Thread] Goodbye connection!
